#! /c/Source/iverilog-install/bin/vvp
:ivl_version "12.0 (devel)" "(s20150603-1110-g18392a46)";
:ivl_delay_selection "TYPICAL";
:vpi_time_precision + 0;
:vpi_module "D:\PROGRA~1\iverilog\lib\ivl\system.vpi";
:vpi_module "D:\PROGRA~1\iverilog\lib\ivl\vhdl_sys.vpi";
:vpi_module "D:\PROGRA~1\iverilog\lib\ivl\vhdl_textio.vpi";
:vpi_module "D:\PROGRA~1\iverilog\lib\ivl\v2005_math.vpi";
:vpi_module "D:\PROGRA~1\iverilog\lib\ivl\va_math.vpi";
S_0000026eae412ce0 .scope module, "labK" "labK" 2 1;
 .timescale 0 0;
L_0000026eae52bda0 .functor NOT 1, v0000026eae52eef0_0, C4<0>, C4<0>, C4<0>;
L_0000026eae413500 .functor AND 1, v0000026eae413360_0, L_0000026eae52bda0, C4<1>, C4<1>;
v0000026eae413360_0 .var "a", 0 0;
v0000026eae52eef0_0 .var "b", 0 0;
v0000026eae52bb20_0 .var "expect", 0 0;
v0000026eae52bbc0_0 .var/i "i", 31 0;
v0000026eae52bc60_0 .var/i "j", 31 0;
v0000026eae52bd00_0 .net "tmp", 0 0, L_0000026eae52bda0;  1 drivers
v0000026eae412e70_0 .net "z", 0 0, L_0000026eae413500;  1 drivers
    .scope S_0000026eae412ce0;
T_0 ;
    %pushi/vec4 0, 0, 32;
    %store/vec4 v0000026eae52bbc0_0, 0, 32;
T_0.0 ;
    %load/vec4 v0000026eae52bbc0_0;
    %cmpi/s 2, 0, 32;
    %jmp/0xz T_0.1, 5;
    %pushi/vec4 0, 0, 32;
    %store/vec4 v0000026eae52bc60_0, 0, 32;
T_0.2 ;
    %load/vec4 v0000026eae52bc60_0;
    %cmpi/s 2, 0, 32;
    %jmp/0xz T_0.3, 5;
    %load/vec4 v0000026eae52bbc0_0;
    %pad/s 1;
    %store/vec4 v0000026eae413360_0, 0, 1;
    %load/vec4 v0000026eae52bc60_0;
    %pad/s 1;
    %store/vec4 v0000026eae52eef0_0, 0, 1;
    %load/vec4 v0000026eae413360_0;
    %load/vec4 v0000026eae52eef0_0;
    %inv;
    %and;
    %store/vec4 v0000026eae52bb20_0, 0, 1;
    %delay 1, 0;
    %load/vec4 v0000026eae52bb20_0;
    %load/vec4 v0000026eae412e70_0;
    %cmp/e;
    %jmp/0xz  T_0.4, 4;
    %vpi_call 2 17 "$display", "PASS: a=%b b=%b z=%b", v0000026eae413360_0, v0000026eae52eef0_0, v0000026eae412e70_0 {0 0 0};
    %jmp T_0.5;
T_0.4 ;
    %vpi_call 2 19 "$display", "FAIL: a=%b b=%b z=%b", v0000026eae413360_0, v0000026eae52eef0_0, v0000026eae412e70_0 {0 0 0};
T_0.5 ;
    %load/vec4 v0000026eae52bc60_0;
    %addi 1, 0, 32;
    %store/vec4 v0000026eae52bc60_0, 0, 32;
    %jmp T_0.2;
T_0.3 ;
    %load/vec4 v0000026eae52bbc0_0;
    %addi 1, 0, 32;
    %store/vec4 v0000026eae52bbc0_0, 0, 32;
    %jmp T_0.0;
T_0.1 ;
    %vpi_call 2 22 "$finish" {0 0 0};
    %end;
    .thread T_0;
# The file index is used to find the file name in the following table.
:file_names 3;
    "N/A";
    "<interactive>";
    "k2a02_test.v";
